2021-06-30 11:59:38,238  [1] INFO  [Form1_Load] [41] - IP CHANGER Version 2.5.0.0
 2021-06-30 11:59:38,256  [1] INFO  [Form1_Load] [42] - Reloading My.Settings
 2021-06-30 11:59:38,267  [1] INFO  [Form1_Load] [43] - My.Settings.ConfigFilePath = C:\Users\Igor\Documents\Visual Studio 2017\Projects\IP CHANGER v2.5.0.0\IP CHANGER\bin\Debug\Config.ini
 2021-06-30 11:59:38,268  [1] INFO  [Form1_Load] [44] - My.Settings.AutoLoadConfigFile = True
 2021-06-30 11:59:38,268  [1] INFO  [Form1_Load] [45] - My.Settings.AutoLoadNic = True
 2021-06-30 11:59:38,269  [1] INFO  [Form1_Load] [46] - My.Settings.LastNICUsed = [00000007] Realtek PCIe GbE Family Controller
 2021-06-30 11:59:38,277  [1] INFO  [Form1_Load] [47] - My.Settings.CheckForUsedIP = False
 2021-06-30 11:59:38,278  [1] INFO  [Form1_Load] [48] - My.Settings.CheckForEnabledNIC = False
 2021-06-30 11:59:38,278  [1] INFO  [Form1_Load] [49] - My.Settings.CheckForIPv6 = False
 2021-06-30 11:59:38,279  [1] INFO  [Form1_Load] [50] - My.Settings.ConfigFilePath = True
 2021-06-30 11:59:38,279  [1] INFO  [Form1_Load] [55] - Form load Finished
 2021-06-30 11:59:38,283  [1] INFO  [BtnNetScan_Click] [191] - Scanning for network adapters...
 2021-06-30 11:59:38,297  [1] INFO  [BtnNetScan_Click] [198] - Selecting query filter Win32_NetworkAdapter 
 2021-06-30 11:59:38,460  [1] INFO  [BtnNetScan_Click] [209] - Found network device: [00000001] Realtek PCIe GbE Family Controller
 2021-06-30 11:59:38,461  [1] INFO  [BtnNetScan_Click] [209] - Found network device: [00000002] Intel(R) Wi-Fi 6 AX201 160MHz
 2021-06-30 11:59:38,463  [1] INFO  [BtnNetScan_Click] [209] - Found network device: [00000005] Bluetooth Device (Personal Area Network)
 2021-06-30 11:59:38,465  [1] INFO  [BtnNetScan_Click] [209] - Found network device: [00000006] Xbox Wireless Adapter for Windows
 2021-06-30 11:59:38,468  [1] INFO  [BtnNetScan_Click] [209] - Found network device: [00000007] Realtek PCIe GbE Family Controller
 2021-06-30 11:59:38,470  [1] INFO  [BtnNetScan_Click] [209] - Found network device: [00000016] VMware Virtual Ethernet Adapter for VMnet1
 2021-06-30 11:59:38,471  [1] INFO  [BtnNetScan_Click] [209] - Found network device: [00000017] VMware Virtual Ethernet Adapter for VMnet8
 2021-06-30 11:59:38,472  [1] INFO  [BtnNetScan_Click] [209] - Found network device: [00000018] RAS Async Adapter
 2021-06-30 11:59:38,474  [1] INFO  [BtnNetScan_Click] [209] - Found network device: [00000019] Remote NDIS based Internet Sharing Device
 2021-06-30 11:59:38,475  [1] INFO  [BtnNetScan_Click] [217] - Scan finished
 2021-06-30 11:59:38,476  [1] INFO  [FC_AutoLoadLastNicUsed] [770] - Selecting last used NIC for combobox = [00000007] Realtek PCIe GbE Family Controller
 2021-06-30 11:59:38,477  [1] DEBUG [CB_Nic_SelectedIndexChanged] [223] - Start
 2021-06-30 11:59:38,478  [1] INFO  [CB_Nic_SelectedIndexChanged] [230] - Processing DEVICE ID number...
 2021-06-30 11:59:38,478  [1] INFO  [CB_Nic_SelectedIndexChanged] [232] - DEVICE ID process finished.
 2021-06-30 11:59:38,479  [1] INFO  [CB_Nic_SelectedIndexChanged] [235] - Selecting query filter Win32_NetworkAdapterConfiguration for:  [00000007] Realtek PCIe GbE Family Controller
 2021-06-30 11:59:38,507  [1] INFO  [CB_Nic_SelectedIndexChanged] [242] - Getting NetworkAdapter device ID...
 2021-06-30 11:59:38,507  [1] INFO  [CB_Nic_SelectedIndexChanged] [244] - Device ID is: 7
 2021-06-30 11:59:38,508  [1] INFO  [CB_Nic_SelectedIndexChanged] [251] - Saving AutoLoad last NIC used
 2021-06-30 11:59:38,513  [1] INFO  [CB_Nic_SelectedIndexChanged] [254] - AutoLoadNic SAVED
 2021-06-30 11:59:38,513  [1] INFO  [CB_Nic_SelectedIndexChanged] [257] - Completed.
 2021-06-30 11:59:38,514  [1] DEBUG [CB_Nic_SelectedIndexChanged] [260] - Finished
 2021-06-30 11:59:38,515  [1] INFO  [FC_AutoLoadLastNicUsed] [772] - Success
 2021-06-30 11:59:38,515  [1] INFO  [Form1_Load] [75] - Auto loading config file...
 2021-06-30 11:59:38,516  [1] INFO  [Form1_Load] [78] - Config file exists at path: C:\Users\Igor\Documents\Visual Studio 2017\Projects\IP CHANGER v2.5.0.0\IP CHANGER\bin\Debug\Config.ini
 2021-06-30 11:59:38,517  [1] INFO  [FunctionAutoLoadConfigFile] [708] - Loading config file C:\Users\Igor\Documents\Visual Studio 2017\Projects\IP CHANGER v2.5.0.0\IP CHANGER\bin\Debug\Config.ini
 2021-06-30 11:59:38,517  [1] INFO  [FunctionAutoLoadConfigFile] [722] - Reading 1st line of the file...
 2021-06-30 11:59:38,518  [1] INFO  [FunctionAutoLoadConfigFile] [723] - Validating file...
 2021-06-30 11:59:38,518  [1] INFO  [FunctionAutoLoadConfigFile] [726] - File Valid
 2021-06-30 11:59:38,566  [1] INFO  [Form1_Load] [80] - Setting config file path as: 
 2021-06-30 11:59:38,567  [1] INFO  [Form1_Load] [84] - CB_AutoLoadCfg enabled: True
 2021-06-30 11:59:38,567  [1] DEBUG [Form1_Load] [102] - Finished.
 